<?xml version="1.0" encoding="UTF-8"?>
<!-- Generated by org.testng.reporters.JUnitReportReporter -->
<testsuite skipped="0" hostname="MOHAN-HP" name="com.web.pages.Webbasic" tests="1" failures="0" timestamp="04 Apr 2021 13:56:13 GMT" time="0.013" errors="0">
  <testcase name="test1" time="0.013" classname="com.web.pages.Webbasic"/>
</testsuite> <!-- com.web.pages.Webbasic -->
